{
  "RSpec": {
    "coverage": {
      "/home/vitalya/myapp/app/controllers/application_controller.rb": [
        1,
        1,
        null
      ],
      "/home/vitalya/myapp/app/helpers/application_helper.rb": [
        1,
        null
      ],
      "/home/vitalya/myapp/app/helpers/persons_helper.rb": [
        1,
        null
      ],
      "/home/vitalya/myapp/app/helpers/welcome_helper.rb": [
        1,
        null
      ],
      "/home/vitalya/myapp/app/models/admin_user.rb": [
        1,
        1,
        null
      ],
      "/home/vitalya/myapp/app/models/application_record.rb": [
        1,
        1,
        null
      ],
      "/home/vitalya/myapp/app/admin/users.rb": [
        1,
        null,
        null
      ],
      "/home/vitalya/myapp/app/models/user.rb": [
        1,
        1,
        null,
        null,
        1,
        1,
        null,
        1,
        null
      ],
      "/home/vitalya/myapp/app/admin/admin_users.rb": [
        1,
        1,
        null,
        1,
        0,
        0,
        0,
        0,
        0,
        0,
        0,
        null,
        null,
        1,
        1,
        1,
        1,
        null,
        1,
        0,
        0,
        0,
        0,
        null,
        0,
        null,
        null
      ],
      "/home/vitalya/myapp/app/admin/posts.rb": [
        1,
        null,
        null
      ],
      "/home/vitalya/myapp/app/models/post.rb": [
        1,
        1,
        null,
        1,
        3,
        1,
        null,
        2,
        null,
        null,
        null,
        1,
        1,
        null,
        1,
        null,
        1,
        27,
        0,
        null,
        null,
        null
      ],
      "/home/vitalya/myapp/app/admin/dashboard.rb": [
        1,
        1,
        null,
        1,
        0,
        0,
        0,
        0,
        null,
        null,
        null,
        null,
        null,
        null,
        null,
        null,
        null,
        null,
        null,
        null,
        null,
        null,
        null,
        null,
        null,
        null,
        null,
        null,
        null,
        null,
        null,
        null
      ],
      "/home/vitalya/myapp/app/controllers/posts_controller.rb": [
        1,
        1,
        1,
        null,
        1,
        1,
        null,
        null,
        1,
        null,
        1,
        1,
        null,
        null,
        1,
        null,
        1,
        4,
        4,
        4,
        4,
        4,
        2,
        null,
        4,
        2,
        null,
        null,
        null,
        null,
        1,
        4,
        4,
        2,
        1,
        null,
        6,
        3,
        null,
        null,
        null,
        null,
        1,
        1,
        1,
        1,
        2,
        1,
        null,
        null,
        null,
        1,
        null,
        1,
        6,
        null,
        null,
        1,
        null,
        1,
        1,
        1,
        1,
        2,
        1,
        null,
        null,
        null,
        1,
        1,
        1,
        1,
        2,
        1,
        null,
        null,
        null,
        1,
        1,
        1,
        1,
        2,
        1,
        null,
        null,
        null,
        1,
        1,
        1,
        1,
        1,
        2,
        1,
        null,
        null,
        null,
        1,
        8,
        null,
        null
      ],
      "/home/vitalya/myapp/app/jobs/application_job.rb": [
        0,
        0
      ],
      "/home/vitalya/myapp/app/mailers/application_mailer.rb": [
        0,
        0,
        0,
        0
      ],
      "/home/vitalya/myapp/app/controllers/welcome_controller.rb": [
        0,
        0,
        null,
        0,
        0
      ],
      "/home/vitalya/myapp/app/controllers/persons_controller.rb": [
        0,
        0,
        0
      ],
      "/home/vitalya/myapp/app/controllers/registrations_controller.rb": [
        0,
        0,
        0,
        0,
        null,
        0,
        0,
        0,
        0,
        0,
        0,
        0,
        0,
        0,
        0,
        0,
        0,
        0,
        0,
        0,
        0,
        0,
        0,
        0,
        null,
        0,
        0,
        0,
        null,
        0,
        null,
        0,
        0,
        0,
        null,
        0,
        0,
        0,
        0
      ],
      "/home/vitalya/myapp/app/controllers/sessions_controller.rb": [
        0,
        0,
        null,
        0,
        0,
        0,
        0
      ],
      "/home/vitalya/myapp/app/channels/application_cable/connection.rb": [
        0,
        0,
        0,
        0
      ],
      "/home/vitalya/myapp/app/channels/application_cable/channel.rb": [
        0,
        0,
        0,
        0
      ]
    },
    "timestamp": 1534840282
  },
  "Rspec": {
    "coverage": {
      "/home/vitalya/myapp/app/jobs/application_job.rb": [
        0,
        0
      ],
      "/home/vitalya/myapp/app/mailers/application_mailer.rb": [
        0,
        0,
        0,
        0
      ],
      "/home/vitalya/myapp/app/controllers/posts_controller.rb": [
        0,
        0,
        0,
        null,
        0,
        null,
        0,
        0,
        null,
        0,
        null,
        0,
        null,
        0,
        0,
        0,
        null,
        0,
        null,
        0,
        null,
        0,
        0,
        0,
        0,
        0,
        0,
        0,
        0,
        0,
        0,
        0,
        0,
        0,
        null,
        0,
        0,
        0,
        0,
        0,
        0,
        0,
        0,
        0,
        0,
        0,
        null,
        0,
        0,
        0,
        0,
        0,
        0,
        0,
        0,
        null,
        0,
        null,
        0,
        0,
        0,
        null,
        0,
        null,
        0,
        0,
        0,
        0,
        0,
        0,
        0,
        0,
        null,
        0,
        0,
        0,
        0,
        0,
        0,
        0,
        0,
        null,
        0,
        0,
        0,
        0,
        0,
        0,
        0,
        0,
        null,
        0,
        0,
        0,
        0,
        0,
        0,
        0,
        0,
        0,
        null,
        0,
        0,
        0,
        0
      ],
      "/home/vitalya/myapp/app/controllers/welcome_controller.rb": [
        0,
        0,
        0,
        0,
        null,
        0,
        0
      ],
      "/home/vitalya/myapp/app/controllers/persons_controller.rb": [
        0,
        0,
        null,
        0,
        0
      ],
      "/home/vitalya/myapp/app/controllers/registrations_controller.rb": [
        0,
        0,
        0,
        0,
        null,
        0,
        0,
        0,
        0,
        0,
        0,
        0,
        0,
        0,
        0,
        0,
        0,
        0,
        0,
        0,
        0,
        0,
        0,
        0,
        null,
        0,
        0,
        0,
        null,
        0,
        0,
        0,
        0,
        null,
        0,
        0,
        0,
        0
      ],
      "/home/vitalya/myapp/app/controllers/users_controller.rb": [
        0,
        null,
        0,
        null,
        0,
        0,
        0,
        null,
        0,
        null,
        0,
        null,
        0,
        null,
        0,
        null,
        0,
        0,
        0,
        0,
        0,
        0,
        0,
        0,
        0,
        0,
        0,
        null,
        0,
        null,
        0,
        0,
        0,
        null,
        0,
        0,
        0,
        0
      ],
      "/home/vitalya/myapp/app/controllers/application_controller.rb": [
        0,
        0,
        0
      ],
      "/home/vitalya/myapp/app/controllers/sessions_controller.rb": [
        0,
        null,
        0,
        null,
        0,
        0,
        0,
        0
      ],
      "/home/vitalya/myapp/app/admin/users.rb": [
        0,
        null,
        null,
        null,
        null,
        null,
        null,
        null,
        null,
        null,
        null,
        null,
        null,
        0
      ],
      "/home/vitalya/myapp/app/admin/admin_users.rb": [
        0,
        0,
        null,
        0,
        0,
        0,
        0,
        0,
        0,
        0,
        0,
        0,
        null,
        0,
        0,
        0,
        0,
        null,
        0,
        0,
        0,
        0,
        0,
        0,
        0,
        0,
        0
      ],
      "/home/vitalya/myapp/app/admin/posts.rb": [
        0,
        null,
        null,
        null,
        null,
        null,
        null,
        null,
        null,
        null,
        null,
        null,
        null,
        0
      ],
      "/home/vitalya/myapp/app/admin/dashboard.rb": [
        0,
        null,
        0,
        null,
        0,
        0,
        0,
        0,
        0,
        0,
        0,
        null,
        null,
        null,
        null,
        null,
        null,
        null,
        null,
        null,
        null,
        null,
        null,
        null,
        null,
        null,
        null,
        null,
        null,
        null,
        null,
        0,
        0
      ],
      "/home/vitalya/myapp/app/models/user.rb": [
        0,
        null,
        null,
        0,
        0,
        null,
        0,
        0,
        0
      ],
      "/home/vitalya/myapp/app/models/application_record.rb": [
        0,
        0,
        0
      ],
      "/home/vitalya/myapp/app/models/admin_user.rb": [
        0,
        null,
        null,
        0,
        0,
        0
      ],
      "/home/vitalya/myapp/app/models/post.rb": [
        0,
        null,
        0,
        null,
        0,
        0,
        0,
        0,
        0,
        0,
        0,
        null,
        0,
        0,
        null,
        0,
        null,
        0,
        0,
        0,
        0,
        0,
        0
      ],
      "/home/vitalya/myapp/app/helpers/persons_helper.rb": [
        0,
        0
      ],
      "/home/vitalya/myapp/app/helpers/welcome_helper.rb": [
        0,
        0
      ],
      "/home/vitalya/myapp/app/helpers/application_helper.rb": [
        0,
        0
      ],
      "/home/vitalya/myapp/app/channels/application_cable/connection.rb": [
        0,
        0,
        0,
        0
      ],
      "/home/vitalya/myapp/app/channels/application_cable/channel.rb": [
        0,
        0,
        0,
        0
      ]
    },
    "timestamp": 1534239503
  }
}
